Log file open, 02/13/19 12:10:14
LogWindows: Failed to load 'aqProf.dll' (GetLastError=126)
LogWindows: File 'aqProf.dll' does not exist
LogWindows: Failed to load 'VtuneApi.dll' (GetLastError=126)
LogWindows: File 'VtuneApi.dll' does not exist
LogWindows: Failed to load 'VtuneApi32e.dll' (GetLastError=126)
LogWindows: File 'VtuneApi32e.dll' does not exist
LogConsoleResponse: Display: Failed to find resolution value strings in scalability ini. Falling back to default.
LogInit: Display: Running engine for game: MyProject2
LogPakFile: Registered encryption key '00000000000000000000000000000000': 0 pak files mounted, 0 remain pending
LogPlatformFile: Not using cached read wrapper
LogTaskGraph: Started task graph with 5 named threads and 23 total threads with 3 sets of task threads.
LogStats: Stats thread started at 1.399612
LogD3D11RHI: Loaded GFSDK_Aftermath_Lib.x64.dll
LogICUInternationalization: ICU TimeZone Detection - Raw Offset: -7:00, Platform Override: ''
LogPluginManager: Mounting plugin Paper2D
LogPluginManager: Mounting plugin AISupport
LogPluginManager: Mounting plugin LightPropagationVolume
LogPluginManager: Mounting plugin ActorLayerUtilities
LogPluginManager: Mounting plugin CLionSourceCodeAccess
LogPluginManager: Mounting plugin CodeLiteSourceCodeAccess
LogPluginManager: Mounting plugin GitSourceControl
LogPluginManager: Mounting plugin KDevelopSourceCodeAccess
LogPluginManager: Mounting plugin NullSourceCodeAccess
LogPluginManager: Mounting plugin PerforceSourceControl
LogPluginManager: Mounting plugin SubversionSourceControl
LogPluginManager: Mounting plugin UObjectPlugin
LogPluginManager: Mounting plugin VisualStudioCodeSourceCodeAccess
LogPluginManager: Mounting plugin VisualStudioSourceCodeAccess
LogPluginManager: Mounting plugin XCodeSourceCodeAccess
LogPluginManager: Mounting plugin AssetManagerEditor
LogPluginManager: Mounting plugin CryptoKeys
LogPluginManager: Mounting plugin DataValidation
LogPluginManager: Mounting plugin FacialAnimation
LogPluginManager: Mounting plugin GameplayTagsEditor
LogPluginManager: Mounting plugin MacGraphicsSwitching
LogPluginManager: Mounting plugin MeshEditor
LogPluginManager: Mounting plugin MobileLauncherProfileWizard
LogPluginManager: Mounting plugin PluginBrowser
LogPluginManager: Mounting plugin SpeedTreeImporter
LogPluginManager: Mounting plugin DatasmithContent
LogPluginManager: Mounting plugin VariantManagerContent
LogPluginManager: Mounting plugin AlembicImporter
LogPluginManager: Mounting plugin AppleImageUtils
LogPluginManager: Mounting plugin AppleVision
LogPluginManager: Mounting plugin BackChannel
LogPluginManager: Mounting plugin CharacterAI
LogPluginManager: Mounting plugin GeometryCache
LogPluginManager: Mounting plugin HTML5Networking
LogPluginManager: Mounting plugin ProxyLODPlugin
LogPluginManager: Mounting plugin MagicLeap
LogPluginManager: Mounting plugin MagicLeapMedia
LogPluginManager: Mounting plugin AndroidMedia
LogPluginManager: Mounting plugin AvfMedia
LogPluginManager: Mounting plugin ImgMedia
LogPluginManager: Mounting plugin LinearTimecode
LogPluginManager: Mounting plugin MediaCompositing
LogPluginManager: Mounting plugin MediaPlayerEditor
LogPluginManager: Mounting plugin WebMMedia
LogPluginManager: Mounting plugin WmfMedia
LogPluginManager: Mounting plugin TcpMessaging
LogPluginManager: Mounting plugin UdpMessaging
LogPluginManager: Mounting plugin ActorSequence
LogPluginManager: Mounting plugin LevelSequenceEditor
LogPluginManager: Mounting plugin MatineeToLevelSequence
LogPluginManager: Mounting plugin NetcodeUnitTest
LogPluginManager: Mounting plugin NUTUnrealEngine4
LogPluginManager: Mounting plugin OnlineSubsystemGooglePlay
LogPluginManager: Mounting plugin OnlineSubsystemIOS
LogPluginManager: Mounting plugin OnlineSubsystem
LogPluginManager: Mounting plugin OnlineSubsystemNull
LogPluginManager: Mounting plugin OnlineSubsystemUtils
LogPluginManager: Mounting plugin LauncherChunkInstaller
LogPluginManager: Mounting plugin AndroidDeviceProfileSelector
LogPluginManager: Mounting plugin AndroidMoviePlayer
LogPluginManager: Mounting plugin AndroidPermission
LogPluginManager: Mounting plugin AppleMoviePlayer
LogPluginManager: Mounting plugin ArchVisCharacter
LogPluginManager: Mounting plugin AudioCapture
LogPluginManager: Mounting plugin CableComponent
LogPluginManager: Mounting plugin CustomMeshComponent
LogPluginManager: Mounting plugin EditableMesh
LogPluginManager: Mounting plugin ExampleDeviceProfileSelector
LogPluginManager: Mounting plugin Firebase
LogPluginManager: Mounting plugin GoogleCloudMessaging
LogPluginManager: Mounting plugin HoudiniEngine
LogPluginManager: Mounting plugin IOSDeviceProfileSelector
LogPluginManager: Mounting plugin LinuxDeviceProfileSelector
LogPluginManager: Mounting plugin LocationServicesBPLibrary
LogPluginManager: Mounting plugin MobilePatchingUtils
LogPluginManager: Mounting plugin OculusVR
LogPluginManager: Mounting plugin PhysXVehicles
LogPluginManager: Mounting plugin ProceduralMeshComponent
LogPluginManager: Mounting plugin RuntimePhysXCooking
LogPluginManager: Mounting plugin SteamVR
LogPluginManager: Mounting plugin WebMMoviePlayer
LogPluginManager: Mounting plugin WindowsMoviePlayer
LogStreaming: Display: Took  0.095s to configure plugins.
LogInit: Using libcurl 7.55.1-DEV
LogInit:  - built for x86_64-pc-win32
LogInit:  - supports SSL with OpenSSL/1.0.2h
LogInit:  - supports HTTP deflate (compression) using libz 1.2.8
LogInit:  - other features:
LogInit:      CURL_VERSION_SSL
LogInit:      CURL_VERSION_LIBZ
LogInit:      CURL_VERSION_IPV6
LogInit:      CURL_VERSION_ASYNCHDNS
LogInit:      CURL_VERSION_LARGEFILE
LogInit:      CURL_VERSION_IDN
LogInit:  CurlRequestOptions (configurable via config and command line):
LogInit:  - bVerifyPeer = true  - Libcurl will verify peer certificate
LogInit:  - bUseHttpProxy = false  - Libcurl will NOT use HTTP proxy
LogInit:  - bDontReuseConnections = false  - Libcurl will reuse connections
LogInit:  - MaxHostConnections = 16  - Libcurl will limit the number of connections to a host
LogInit:  - LocalHostAddr = Default
LogInit:  - BufferSize = 65536
LogInit: WinSock: version 1.1 (2.2), MaxSocks=32767, MaxUdp=65467
LogInit: Build: ++UE4+Release-4.21-CL-4613538
LogInit: Engine Version: 4.21.1-4613538+++UE4+Release-4.21
LogInit: Compatible Engine Version: 4.21.0-4541578+++UE4+Release-4.21
LogInit: Net CL: 4541578
LogInit: OS: Windows 10 (), CPU: Intel(R) Core(TM) i7-8809G CPU @ 3.10GHz, GPU: Radeon RX Vega M GH Graphics
LogInit: Compiled (64-bit): Nov 30 2018 04:13:25
LogInit: Compiled with Visual C++: 19.13.26129.00
LogInit: Build Configuration: Development
LogInit: Branch Name: ++UE4+Release-4.21
LogInit: Command Line: 
LogInit: Base Directory: C:/Program Files/Epic Games/UE_4.21/Engine/Binaries/Win64/
LogInit: Installed Engine Build: 1
LogDevObjectVersion: Number of dev versions registered: 22
LogDevObjectVersion:   Dev-Blueprints (B0D832E4-1F89-4F0D-ACCF-7EB736FD4AA2): 10
LogDevObjectVersion:   Dev-Build (E1C64328-A22C-4D53-A36C-8E866417BD8C): 0
LogDevObjectVersion:   Dev-Core (375EC13C-06E4-48FB-B500-84F0262A717E): 2
LogDevObjectVersion:   Dev-Editor (E4B068ED-F494-42E9-A231-DA0B2E46BB41): 26
LogDevObjectVersion:   Dev-Framework (CFFC743F-43B0-4480-9391-14DF171D2073): 34
LogDevObjectVersion:   Dev-Mobile (B02B49B5-BB20-44E9-A304-32B752E40360): 2
LogDevObjectVersion:   Dev-Networking (A4E4105C-59A1-49B5-A7C5-40C4547EDFEE): 0
LogDevObjectVersion:   Dev-Online (39C831C9-5AE6-47DC-9A44-9C173E1C8E7C): 0
LogDevObjectVersion:   Dev-Physics (78F01B33-EBEA-4F98-B9B4-84EACCB95AA2): 0
LogDevObjectVersion:   Dev-Platform (6631380F-2D4D-43E0-8009-CF276956A95A): 0
LogDevObjectVersion:   Dev-Rendering (12F88B9F-8875-4AFC-A67C-D90C383ABD29): 27
LogDevObjectVersion:   Dev-Sequencer (7B5AE74C-D270-4C10-A958-57980B212A5A): 9
LogDevObjectVersion:   Dev-VR (D7296918-1DD6-4BDD-9DE2-64A83CC13884): 2
LogDevObjectVersion:   Dev-LoadTimes (C2A15278-BFE7-4AFE-6C17-90FF531DF755): 1
LogDevObjectVersion:   Private-Geometry (6EACA3D4-40EC-4CC1-B786-8BED09428FC5): 3
LogDevObjectVersion:   Dev-AnimPhys (29E575DD-E0A3-4627-9D10-D276232CDCEA): 17
LogDevObjectVersion:   Dev-Anim (AF43A65D-7FD3-4947-9873-3E8ED9C1BB05): 2
LogDevObjectVersion:   Dev-ReflectionCapture (6B266CEC-1EC7-4B8F-A30B-E4D90942FC07): 1
LogDevObjectVersion:   Dev-Automation (0DF73D61-A23F-47EA-B727-89E90C41499A): 1
LogDevObjectVersion:   FortniteMain (601D1886-AC64-4F84-AA16-D3DE0DEAC7D6): 17
LogDevObjectVersion:   Dev-Enterprise (9DFFBCD6-494F-0158-E221-12823C92A888): 4
LogDevObjectVersion:   Dev-Niagara (F2AED0AC-9AFE-416F-8664-AA7FFA26D6FC): 1
LogStreaming: Display: Took  0.000s to delete old logs.
LogInit: Presizing for max 8388607 objects, including 0 objects not considered by GC, pre-allocating 0 bytes for permanent pool.
LogInit: Object subsystem initialized
LogConfig: Setting CVar [[con.DebugEarlyDefault:1]]
LogConfig: Setting CVar [[r.setres:1280x720]]
[2019.02.13-19.10.14:808][  0]LogConfig: Setting CVar [[r.VSync:0]]
[2019.02.13-19.10.14:808][  0]LogConfig: Setting CVar [[r.RHICmdBypass:0]]
[2019.02.13-19.10.14:808][  0]LogConfig: Applying CVar settings from Section [/Script/Engine.RendererSettings] File [C:/Users/u0957469/Documents/GitHub/IM-Fuse/Russian Unreal/Saved/Config/Windows/Engine.ini]
[2019.02.13-19.10.14:808][  0]LogConfig: Setting CVar [[r.GPUCrashDebugging:0]]
[2019.02.13-19.10.14:808][  0]LogConfig: Applying CVar settings from Section [/Script/Engine.RendererOverrideSettings] File [C:/Users/u0957469/Documents/GitHub/IM-Fuse/Russian Unreal/Saved/Config/Windows/Engine.ini]
[2019.02.13-19.10.14:808][  0]LogConfig: Applying CVar settings from Section [/Script/Engine.StreamingSettings] File [C:/Users/u0957469/Documents/GitHub/IM-Fuse/Russian Unreal/Saved/Config/Windows/Engine.ini]
[2019.02.13-19.10.14:808][  0]LogConfig: Setting CVar [[s.MinBulkDataSizeForAsyncLoading:131072]]
[2019.02.13-19.10.14:808][  0]LogConfig: Setting CVar [[s.AsyncLoadingThreadEnabled:0]]
[2019.02.13-19.10.14:808][  0]LogConfig: Setting CVar [[s.EventDrivenLoaderEnabled:1]]
[2019.02.13-19.10.14:808][  0]LogConfig: Setting CVar [[s.WarnIfTimeLimitExceeded:0]]
[2019.02.13-19.10.14:808][  0]LogConfig: Setting CVar [[s.TimeLimitExceededMultiplier:1.5]]
[2019.02.13-19.10.14:808][  0]LogConfig: Setting CVar [[s.TimeLimitExceededMinTime:0.005]]
[2019.02.13-19.10.14:808][  0]LogConfig: Setting CVar [[s.UseBackgroundLevelStreaming:1]]
[2019.02.13-19.10.14:808][  0]LogConfig: Setting CVar [[s.PriorityAsyncLoadingExtraTime:15.0]]
[2019.02.13-19.10.14:808][  0]LogConfig: Setting CVar [[s.LevelStreamingActorsUpdateTimeLimit:5.0]]
[2019.02.13-19.10.14:808][  0]LogConfig: Setting CVar [[s.PriorityLevelStreamingActorsUpdateExtraTime:5.0]]
[2019.02.13-19.10.14:808][  0]LogConfig: Setting CVar [[s.LevelStreamingComponentsRegistrationGranularity:10]]
[2019.02.13-19.10.14:808][  0]LogConfig: Setting CVar [[s.UnregisterComponentsTimeLimit:1.0]]
[2019.02.13-19.10.14:808][  0]LogConfig: Setting CVar [[s.LevelStreamingComponentsUnregistrationGranularity:5]]
[2019.02.13-19.10.14:808][  0]LogConfig: Applying CVar settings from Section [/Script/Engine.GarbageCollectionSettings] File [C:/Users/u0957469/Documents/GitHub/IM-Fuse/Russian Unreal/Saved/Config/Windows/Engine.ini]
[2019.02.13-19.10.14:808][  0]LogConfig: Setting CVar [[gc.MaxObjectsNotConsideredByGC:1]]
[2019.02.13-19.10.14:808][  0]LogConfig: Setting CVar [[gc.SizeOfPermanentObjectPool:0]]
[2019.02.13-19.10.14:808][  0]LogConfig: Setting CVar [[gc.FlushStreamingOnGC:0]]
[2019.02.13-19.10.14:808][  0]LogConfig: Setting CVar [[gc.NumRetriesBeforeForcingGC:10]]
[2019.02.13-19.10.14:808][  0]LogConfig: Setting CVar [[gc.AllowParallelGC:1]]
[2019.02.13-19.10.14:808][  0]LogConfig: Setting CVar [[gc.TimeBetweenPurgingPendingKillObjects:61.1]]
[2019.02.13-19.10.14:808][  0]LogConfig: Setting CVar [[gc.MaxObjectsInEditor:8388607]]
[2019.02.13-19.10.14:808][  0]LogConfig: Setting CVar [[gc.IncrementalBeginDestroyEnabled:1]]
[2019.02.13-19.10.14:808][  0]LogConfig: Setting CVar [[gc.CreateGCClusters:1]]
[2019.02.13-19.10.14:808][  0]LogConfig: Setting CVar [[gc.MergeGCClusters:0]]
[2019.02.13-19.10.14:808][  0]LogConfig: Setting CVar [[gc.MinGCClusterSize:5]]
[2019.02.13-19.10.14:808][  0]LogConfig: Setting CVar [[gc.ActorClusteringEnabled:0]]
[2019.02.13-19.10.14:808][  0]LogConfig: Setting CVar [[gc.BlueprintClusteringEnabled:0]]
[2019.02.13-19.10.14:808][  0]LogConfig: Setting CVar [[gc.UseDisregardForGCOnDedicatedServers:0]]
[2019.02.13-19.10.14:808][  0]LogConfig: Applying CVar settings from Section [/Script/Engine.NetworkSettings] File [C:/Users/u0957469/Documents/GitHub/IM-Fuse/Russian Unreal/Saved/Config/Windows/Engine.ini]
[2019.02.13-19.10.14:808][  0]LogConfig: Applying CVar settings from Section [/Script/UnrealEd.CookerSettings] File [C:/Users/u0957469/Documents/GitHub/IM-Fuse/Russian Unreal/Saved/Config/Windows/Engine.ini]
[2019.02.13-19.10.14:817][  0]LogConfig: Applying CVar settings from Section [ViewDistanceQuality@3] File [C:/Users/u0957469/Documents/GitHub/IM-Fuse/Russian Unreal/Saved/Config/Windows/Scalability.ini]
[2019.02.13-19.10.14:817][  0]LogConfig: Setting CVar [[r.SkeletalMeshLODBias:0]]
[2019.02.13-19.10.14:817][  0]LogConfig: Setting CVar [[r.ViewDistanceScale:1.0]]
[2019.02.13-19.10.14:817][  0]LogConfig: Applying CVar settings from Section [AntiAliasingQuality@3] File [C:/Users/u0957469/Documents/GitHub/IM-Fuse/Russian Unreal/Saved/Config/Windows/Scalability.ini]
[2019.02.13-19.10.14:817][  0]LogConfig: Setting CVar [[r.PostProcessAAQuality:4]]
[2019.02.13-19.10.14:817][  0]LogConfig: Applying CVar settings from Section [ShadowQuality@3] File [C:/Users/u0957469/Documents/GitHub/IM-Fuse/Russian Unreal/Saved/Config/Windows/Scalability.ini]
[2019.02.13-19.10.14:817][  0]LogConfig: Setting CVar [[r.LightFunctionQuality:1]]
[2019.02.13-19.10.14:817][  0]LogConfig: Setting CVar [[r.ShadowQuality:5]]
[2019.02.13-19.10.14:817][  0]LogConfig: Setting CVar [[r.Shadow.CSM.MaxCascades:10]]
[2019.02.13-19.10.14:817][  0]LogConfig: Setting CVar [[r.Shadow.MaxResolution:2048]]
[2019.02.13-19.10.14:817][  0]LogConfig: Setting CVar [[r.Shadow.MaxCSMResolution:2048]]
[2019.02.13-19.10.14:817][  0]LogConfig: Setting CVar [[r.Shadow.RadiusThreshold:0.01]]
[2019.02.13-19.10.14:817][  0]LogConfig: Setting CVar [[r.Shadow.DistanceScale:1.0]]
[2019.02.13-19.10.14:817][  0]LogConfig: Setting CVar [[r.Shadow.CSM.TransitionScale:1.0]]
[2019.02.13-19.10.14:817][  0]LogConfig: Setting CVar [[r.Shadow.PreShadowResolutionFactor:1.0]]
[2019.02.13-19.10.14:817][  0]LogConfig: Setting CVar [[r.DistanceFieldShadowing:1]]
[2019.02.13-19.10.14:817][  0]LogConfig: Setting CVar [[r.DistanceFieldAO:1]]
[2019.02.13-19.10.14:817][  0]LogConfig: Setting CVar [[r.AOQuality:2]]
[2019.02.13-19.10.14:817][  0]LogConfig: Setting CVar [[r.VolumetricFog:1]]
[2019.02.13-19.10.14:817][  0]LogConfig: Setting CVar [[r.VolumetricFog.GridPixelSize:8]]
[2019.02.13-19.10.14:817][  0]LogConfig: Setting CVar [[r.VolumetricFog.GridSizeZ:128]]
[2019.02.13-19.10.14:817][  0]LogConfig: Setting CVar [[r.VolumetricFog.HistoryMissSupersampleCount:4]]
[2019.02.13-19.10.14:817][  0]LogConfig: Setting CVar [[r.LightMaxDrawDistanceScale:1]]
[2019.02.13-19.10.14:817][  0]LogConfig: Setting CVar [[r.CapsuleShadows:1]]
[2019.02.13-19.10.14:817][  0]LogConfig: Applying CVar settings from Section [PostProcessQuality@3] File [C:/Users/u0957469/Documents/GitHub/IM-Fuse/Russian Unreal/Saved/Config/Windows/Scalability.ini]
[2019.02.13-19.10.14:817][  0]LogConfig: Setting CVar [[r.MotionBlurQuality:4]]
[2019.02.13-19.10.14:817][  0]LogConfig: Setting CVar [[r.AmbientOcclusionMipLevelFactor:0.4]]
[2019.02.13-19.10.14:817][  0]LogConfig: Setting CVar [[r.AmbientOcclusionMaxQuality:100]]
[2019.02.13-19.10.14:817][  0]LogConfig: Setting CVar [[r.AmbientOcclusionLevels:-1]]
[2019.02.13-19.10.14:817][  0]LogConfig: Setting CVar [[r.AmbientOcclusionRadiusScale:1.0]]
[2019.02.13-19.10.14:817][  0]LogConfig: Setting CVar [[r.DepthOfFieldQuality:2]]
[2019.02.13-19.10.14:817][  0]LogConfig: Setting CVar [[r.RenderTargetPoolMin:400]]
[2019.02.13-19.10.14:817][  0]LogConfig: Setting CVar [[r.LensFlareQuality:2]]
[2019.02.13-19.10.14:817][  0]LogConfig: Setting CVar [[r.SceneColorFringeQuality:1]]
[2019.02.13-19.10.14:817][  0]LogConfig: Setting CVar [[r.EyeAdaptationQuality:2]]
[2019.02.13-19.10.14:817][  0]LogConfig: Setting CVar [[r.BloomQuality:5]]
[2019.02.13-19.10.14:817][  0]LogConfig: Setting CVar [[r.FastBlurThreshold:100]]
[2019.02.13-19.10.14:817][  0]LogConfig: Setting CVar [[r.Upscale.Quality:3]]
[2019.02.13-19.10.14:817][  0]LogConfig: Setting CVar [[r.Tonemapper.GrainQuantization:1]]
[2019.02.13-19.10.14:817][  0]LogConfig: Setting CVar [[r.LightShaftQuality:1]]
[2019.02.13-19.10.14:817][  0]LogConfig: Setting CVar [[r.Filter.SizeScale:1]]
[2019.02.13-19.10.14:817][  0]LogConfig: Setting CVar [[r.Tonemapper.Quality:5]]
[2019.02.13-19.10.14:817][  0]LogConfig: Setting CVar [[r.DOF.Gather.AccumulatorQuality:1        ; higher gathering accumulator quality]]
[2019.02.13-19.10.14:817][  0]LogConfig: Setting CVar [[r.DOF.Gather.PostfilterMethod:1          ; Median3x3 postfilering method]]
[2019.02.13-19.10.14:817][  0]LogConfig: Setting CVar [[r.DOF.Gather.EnableBokehSettings:0       ; no bokeh simulation when gathering]]
[2019.02.13-19.10.14:817][  0]LogConfig: Setting CVar [[r.DOF.Gather.RingCount:4                 ; medium number of samples when gathering]]
[2019.02.13-19.10.14:817][  0]LogConfig: Setting CVar [[r.DOF.Scatter.ForegroundCompositing:1    ; additive foreground scattering]]
[2019.02.13-19.10.14:817][  0]LogConfig: Setting CVar [[r.DOF.Scatter.BackgroundCompositing:2    ; additive background scattering]]
[2019.02.13-19.10.14:817][  0]LogConfig: Setting CVar [[r.DOF.Scatter.EnableBokehSettings:1      ; bokeh simulation when scattering]]
[2019.02.13-19.10.14:817][  0]LogConfig: Setting CVar [[r.DOF.Scatter.MaxSpriteRatio:0.1         ; only a maximum of 10% of scattered bokeh]]
[2019.02.13-19.10.14:817][  0]LogConfig: Setting CVar [[r.DOF.Recombine.Quality:1                ; cheap slight out of focus]]
[2019.02.13-19.10.14:817][  0]LogConfig: Setting CVar [[r.DOF.Recombine.EnableBokehSettings:0    ; no bokeh simulation on slight out of focus]]
[2019.02.13-19.10.14:817][  0]LogConfig: Setting CVar [[r.DOF.TemporalAAQuality:1                ; more stable temporal accumulation]]
[2019.02.13-19.10.14:817][  0]LogConfig: Setting CVar [[r.DOF.Kernel.MaxForegroundRadius:0.025]]
[2019.02.13-19.10.14:817][  0]LogConfig: Setting CVar [[r.DOF.Kernel.MaxBackgroundRadius:0.025]]
[2019.02.13-19.10.14:818][  0]LogConfig: Applying CVar settings from Section [TextureQuality@3] File [C:/Users/u0957469/Documents/GitHub/IM-Fuse/Russian Unreal/Saved/Config/Windows/Scalability.ini]
[2019.02.13-19.10.14:818][  0]LogConfig: Setting CVar [[r.Streaming.MipBias:0]]
[2019.02.13-19.10.14:818][  0]LogConfig: Setting CVar [[r.Streaming.AmortizeCPUToGPUCopy:0]]
[2019.02.13-19.10.14:818][  0]LogConfig: Setting CVar [[r.Streaming.MaxNumTexturesToStreamPerFrame:0]]
[2019.02.13-19.10.14:818][  0]LogConfig: Setting CVar [[r.Streaming.Boost:1]]
[2019.02.13-19.10.14:818][  0]LogConfig: Setting CVar [[r.MaxAnisotropy:8]]
[2019.02.13-19.10.14:818][  0]LogConfig: Setting CVar [[r.Streaming.LimitPoolSizeToVRAM:0]]
[2019.02.13-19.10.14:818][  0]LogConfig: Setting CVar [[r.Streaming.PoolSize:1000]]
[2019.02.13-19.10.14:818][  0]LogConfig: Setting CVar [[r.Streaming.MaxEffectiveScreenSize:0]]
[2019.02.13-19.10.14:818][  0]LogConfig: Applying CVar settings from Section [EffectsQuality@3] File [C:/Users/u0957469/Documents/GitHub/IM-Fuse/Russian Unreal/Saved/Config/Windows/Scalability.ini]
[2019.02.13-19.10.14:818][  0]LogConfig: Setting CVar [[r.TranslucencyLightingVolumeDim:64]]
[2019.02.13-19.10.14:818][  0]LogConfig: Setting CVar [[r.RefractionQuality:2]]
[2019.02.13-19.10.14:818][  0]LogConfig: Setting CVar [[r.SSR.Quality:3]]
[2019.02.13-19.10.14:818][  0]LogConfig: Setting CVar [[r.SceneColorFormat:4]]
[2019.02.13-19.10.14:818][  0]LogConfig: Setting CVar [[r.DetailMode:2]]
[2019.02.13-19.10.14:818][  0]LogConfig: Setting CVar [[r.TranslucencyVolumeBlur:1]]
[2019.02.13-19.10.14:818][  0]LogConfig: Setting CVar [[r.MaterialQualityLevel:1 ; High quality]]
[2019.02.13-19.10.14:818][  0]LogConfig: Setting CVar [[r.SSS.Scale:1]]
[2019.02.13-19.10.14:818][  0]LogConfig: Setting CVar [[r.SSS.SampleSet:2]]
[2019.02.13-19.10.14:818][  0]LogConfig: Setting CVar [[r.SSS.Quality:1]]
[2019.02.13-19.10.14:818][  0]LogConfig: Setting CVar [[r.SSS.HalfRes:1]]
[2019.02.13-19.10.14:818][  0]LogConfig: Setting CVar [[r.EmitterSpawnRateScale:1.0]]
[2019.02.13-19.10.14:818][  0]LogConfig: Setting CVar [[r.ParticleLightQuality:2]]
[2019.02.13-19.10.14:818][  0]LogConfig: Applying CVar settings from Section [FoliageQuality@3] File [C:/Users/u0957469/Documents/GitHub/IM-Fuse/Russian Unreal/Saved/Config/Windows/Scalability.ini]
[2019.02.13-19.10.14:818][  0]LogConfig: Setting CVar [[foliage.DensityScale:1.0]]
[2019.02.13-19.10.14:818][  0]LogConfig: Setting CVar [[grass.DensityScale:1.0]]
[2019.02.13-19.10.14:819][  0]LogInit: Selected Device Profile: [Windows]
[2019.02.13-19.10.14:820][  0]LogInit: Applying CVar settings loaded from the selected device profile: [Windows]
[2019.02.13-19.10.14:841][  0]LogHAL: Display: Platform has ~ 16 GB [17094942720 / 17179869184 / 16], which maps to Larger [LargestMinGB=32, LargerMinGB=12, DefaultMinGB=8, SmallerMinGB=6, SmallestMinGB=0)
[2019.02.13-19.10.14:842][  0]LogConfig: Setting CVar [[r.Vulkan.UseRealUBs:1]]
[2019.02.13-19.10.14:842][  0]LogInit: Going up to parent DeviceProfile []
[2019.02.13-19.10.14:842][  0]LogConfig: Applying CVar settings from Section [ViewDistanceQuality@3] File [C:/Users/u0957469/Documents/GitHub/IM-Fuse/Russian Unreal/Saved/Config/Windows/Scalability.ini]
[2019.02.13-19.10.14:842][  0]LogConfig: Setting CVar [[r.SkeletalMeshLODBias:0]]
[2019.02.13-19.10.14:842][  0]LogConfig: Setting CVar [[r.ViewDistanceScale:1.0]]
[2019.02.13-19.10.14:842][  0]LogConfig: Applying CVar settings from Section [AntiAliasingQuality@3] File [C:/Users/u0957469/Documents/GitHub/IM-Fuse/Russian Unreal/Saved/Config/Windows/Scalability.ini]
[2019.02.13-19.10.14:842][  0]LogConfig: Setting CVar [[r.PostProcessAAQuality:4]]
[2019.02.13-19.10.14:842][  0]LogConfig: Applying CVar settings from Section [ShadowQuality@3] File [C:/Users/u0957469/Documents/GitHub/IM-Fuse/Russian Unreal/Saved/Config/Windows/Scalability.ini]
[2019.02.13-19.10.14:842][  0]LogConfig: Setting CVar [[r.LightFunctionQuality:1]]
[2019.02.13-19.10.14:842][  0]LogConfig: Setting CVar [[r.ShadowQuality:5]]
[2019.02.13-19.10.14:842][  0]LogConfig: Setting CVar [[r.Shadow.CSM.MaxCascades:10]]
[2019.02.13-19.10.14:842][  0]LogConfig: Setting CVar [[r.Shadow.MaxResolution:2048]]
[2019.02.13-19.10.14:842][  0]LogConfig: Setting CVar [[r.Shadow.MaxCSMResolution:2048]]
[2019.02.13-19.10.14:842][  0]LogConfig: Setting CVar [[r.Shadow.RadiusThreshold:0.01]]
[2019.02.13-19.10.14:842][  0]LogConfig: Setting CVar [[r.Shadow.DistanceScale:1.0]]
[2019.02.13-19.10.14:842][  0]LogConfig: Setting CVar [[r.Shadow.CSM.TransitionScale:1.0]]
[2019.02.13-19.10.14:842][  0]LogConfig: Setting CVar [[r.Shadow.PreShadowResolutionFactor:1.0]]
[2019.02.13-19.10.14:842][  0]LogConfig: Setting CVar [[r.DistanceFieldShadowing:1]]
[2019.02.13-19.10.14:842][  0]LogConfig: Setting CVar [[r.DistanceFieldAO:1]]
[2019.02.13-19.10.14:842][  0]LogConfig: Setting CVar [[r.AOQuality:2]]
[2019.02.13-19.10.14:842][  0]LogConfig: Setting CVar [[r.VolumetricFog:1]]
[2019.02.13-19.10.14:842][  0]LogConfig: Setting CVar [[r.VolumetricFog.GridPixelSize:8]]
[2019.02.13-19.10.14:842][  0]LogConfig: Setting CVar [[r.VolumetricFog.GridSizeZ:128]]
[2019.02.13-19.10.14:842][  0]LogConfig: Setting CVar [[r.VolumetricFog.HistoryMissSupersampleCount:4]]
[2019.02.13-19.10.14:842][  0]LogConfig: Setting CVar [[r.LightMaxDrawDistanceScale:1]]
[2019.02.13-19.10.14:842][  0]LogConfig: Setting CVar [[r.CapsuleShadows:1]]
[2019.02.13-19.10.14:842][  0]LogConfig: Applying CVar settings from Section [PostProcessQuality@3] File [C:/Users/u0957469/Documents/GitHub/IM-Fuse/Russian Unreal/Saved/Config/Windows/Scalability.ini]
[2019.02.13-19.10.14:842][  0]LogConfig: Setting CVar [[r.MotionBlurQuality:4]]
[2019.02.13-19.10.14:842][  0]LogConfig: Setting CVar [[r.AmbientOcclusionMipLevelFactor:0.4]]
[2019.02.13-19.10.14:842][  0]LogConfig: Setting CVar [[r.AmbientOcclusionMaxQuality:100]]
[2019.02.13-19.10.14:842][  0]LogConfig: Setting CVar [[r.AmbientOcclusionLevels:-1]]
[2019.02.13-19.10.14:842][  0]LogConfig: Setting CVar [[r.AmbientOcclusionRadiusScale:1.0]]
[2019.02.13-19.10.14:842][  0]LogConfig: Setting CVar [[r.DepthOfFieldQuality:2]]
[2019.02.13-19.10.14:842][  0]LogConfig: Setting CVar [[r.RenderTargetPoolMin:400]]
[2019.02.13-19.10.14:842][  0]LogConfig: Setting CVar [[r.LensFlareQuality:2]]
[2019.02.13-19.10.14:842][  0]LogConfig: Setting CVar [[r.SceneColorFringeQuality:1]]
[2019.02.13-19.10.14:842][  0]LogConfig: Setting CVar [[r.EyeAdaptationQuality:2]]
[2019.02.13-19.10.14:842][  0]LogConfig: Setting CVar [[r.BloomQuality:5]]
[2019.02.13-19.10.14:842][  0]LogConfig: Setting CVar [[r.FastBlurThreshold:100]]
[2019.02.13-19.10.14:842][  0]LogConfig: Setting CVar [[r.Upscale.Quality:3]]
[2019.02.13-19.10.14:842][  0]LogConfig: Setting CVar [[r.Tonemapper.GrainQuantization:1]]
[2019.02.13-19.10.14:842][  0]LogConfig: Setting CVar [[r.LightShaftQuality:1]]
[2019.02.13-19.10.14:842][  0]LogConfig: Setting CVar [[r.Filter.SizeScale:1]]
[2019.02.13-19.10.14:842][  0]LogConfig: Setting CVar [[r.Tonemapper.Quality:5]]
[2019.02.13-19.10.14:842][  0]LogConfig: Setting CVar [[r.DOF.Gather.AccumulatorQuality:1        ; higher gathering accumulator quality]]
[2019.02.13-19.10.14:842][  0]LogConfig: Setting CVar [[r.DOF.Gather.PostfilterMethod:1          ; Median3x3 postfilering method]]
[2019.02.13-19.10.14:842][  0]LogConfig: Setting CVar [[r.DOF.Gather.EnableBokehSettings:0       ; no bokeh simulation when gathering]]
[2019.02.13-19.10.14:842][  0]LogConfig: Setting CVar [[r.DOF.Gather.RingCount:4                 ; medium number of samples when gathering]]
[2019.02.13-19.10.14:842][  0]LogConfig: Setting CVar [[r.DOF.Scatter.ForegroundCompositing:1    ; additive foreground scattering]]
[2019.02.13-19.10.14:842][  0]LogConfig: Setting CVar [[r.DOF.Scatter.BackgroundCompositing:2    ; additive background scattering]]
[2019.02.13-19.10.14:842][  0]LogConfig: Setting CVar [[r.DOF.Scatter.EnableBokehSettings:1      ; bokeh simulation when scattering]]
[2019.02.13-19.10.14:842][  0]LogConfig: Setting CVar [[r.DOF.Scatter.MaxSpriteRatio:0.1         ; only a maximum of 10% of scattered bokeh]]
[2019.02.13-19.10.14:842][  0]LogConfig: Setting CVar [[r.DOF.Recombine.Quality:1                ; cheap slight out of focus]]
[2019.02.13-19.10.14:842][  0]LogConfig: Setting CVar [[r.DOF.Recombine.EnableBokehSettings:0    ; no bokeh simulation on slight out of focus]]
[2019.02.13-19.10.14:842][  0]LogConfig: Setting CVar [[r.DOF.TemporalAAQuality:1                ; more stable temporal accumulation]]
[2019.02.13-19.10.14:842][  0]LogConfig: Setting CVar [[r.DOF.Kernel.MaxForegroundRadius:0.025]]
[2019.02.13-19.10.14:842][  0]LogConfig: Setting CVar [[r.DOF.Kernel.MaxBackgroundRadius:0.025]]
[2019.02.13-19.10.14:842][  0]LogConfig: Applying CVar settings from Section [TextureQuality@3] File [C:/Users/u0957469/Documents/GitHub/IM-Fuse/Russian Unreal/Saved/Config/Windows/Scalability.ini]
[2019.02.13-19.10.14:842][  0]LogConfig: Setting CVar [[r.Streaming.MipBias:0]]
[2019.02.13-19.10.14:842][  0]LogConfig: Setting CVar [[r.Streaming.AmortizeCPUToGPUCopy:0]]
[2019.02.13-19.10.14:842][  0]LogConfig: Setting CVar [[r.Streaming.MaxNumTexturesToStreamPerFrame:0]]
[2019.02.13-19.10.14:842][  0]LogConfig: Setting CVar [[r.Streaming.Boost:1]]
[2019.02.13-19.10.14:842][  0]LogConfig: Setting CVar [[r.MaxAnisotropy:8]]
[2019.02.13-19.10.14:842][  0]LogConfig: Setting CVar [[r.Streaming.LimitPoolSizeToVRAM:0]]
[2019.02.13-19.10.14:842][  0]LogConfig: Setting CVar [[r.Streaming.PoolSize:1000]]
[2019.02.13-19.10.14:842][  0]LogConfig: Setting CVar [[r.Streaming.MaxEffectiveScreenSize:0]]
[2019.02.13-19.10.14:842][  0]LogConfig: Applying CVar settings from Section [EffectsQuality@3] File [C:/Users/u0957469/Documents/GitHub/IM-Fuse/Russian Unreal/Saved/Config/Windows/Scalability.ini]
[2019.02.13-19.10.14:842][  0]LogConfig: Setting CVar [[r.TranslucencyLightingVolumeDim:64]]
[2019.02.13-19.10.14:842][  0]LogConfig: Setting CVar [[r.RefractionQuality:2]]
[2019.02.13-19.10.14:842][  0]LogConfig: Setting CVar [[r.SSR.Quality:3]]
[2019.02.13-19.10.14:842][  0]LogConfig: Setting CVar [[r.SceneColorFormat:4]]
[2019.02.13-19.10.14:842][  0]LogConfig: Setting CVar [[r.DetailMode:2]]
[2019.02.13-19.10.14:842][  0]LogConfig: Setting CVar [[r.TranslucencyVolumeBlur:1]]
[2019.02.13-19.10.14:842][  0]LogConfig: Setting CVar [[r.MaterialQualityLevel:1 ; High quality]]
[2019.02.13-19.10.14:842][  0]LogConfig: Setting CVar [[r.SSS.Scale:1]]
[2019.02.13-19.10.14:842][  0]LogConfig: Setting CVar [[r.SSS.SampleSet:2]]
[2019.02.13-19.10.14:842][  0]LogConfig: Setting CVar [[r.SSS.Quality:1]]
[2019.02.13-19.10.14:842][  0]LogConfig: Setting CVar [[r.SSS.HalfRes:1]]
[2019.02.13-19.10.14:842][  0]LogConfig: Setting CVar [[r.EmitterSpawnRateScale:1.0]]
[2019.02.13-19.10.14:842][  0]LogConfig: Setting CVar [[r.ParticleLightQuality:2]]
[2019.02.13-19.10.14:842][  0]LogConfig: Applying CVar settings from Section [FoliageQuality@3] File [C:/Users/u0957469/Documents/GitHub/IM-Fuse/Russian Unreal/Saved/Config/Windows/Scalability.ini]
[2019.02.13-19.10.14:842][  0]LogConfig: Setting CVar [[foliage.DensityScale:1.0]]
[2019.02.13-19.10.14:842][  0]LogConfig: Setting CVar [[grass.DensityScale:1.0]]
[2019.02.13-19.10.14:842][  0]LogConfig: Applying CVar settings from Section [Startup] File [../../../Engine/Config/ConsoleVariables.ini]
[2019.02.13-19.10.14:849][  0]LogConfig: Setting CVar [[net.UseAdaptiveNetUpdateFrequency:0]]
[2019.02.13-19.10.14:849][  0]LogConfig: Applying CVar settings from Section [ConsoleVariables] File [C:/Users/u0957469/Documents/GitHub/IM-Fuse/Russian Unreal/Saved/Config/Windows/Engine.ini]
[2019.02.13-19.10.14:851][  0]LogInit: Computer: eae-n-077
[2019.02.13-19.10.14:851][  0]LogInit: User: u0957469
[2019.02.13-19.10.14:851][  0]LogInit: CPU Page size=4096, Cores=4
[2019.02.13-19.10.14:851][  0]LogInit: High frequency timer resolution =3.023439 MHz
[2019.02.13-19.10.14:851][  0]LogMemory: Memory total: Physical=15.9GB (16GB approx)
[2019.02.13-19.10.14:851][  0]LogMemory: Platform Memory Stats for Windows
[2019.02.13-19.10.14:851][  0]LogMemory: Process Physical Memory: 101.89 MB used, 101.89 MB peak
[2019.02.13-19.10.14:851][  0]LogMemory: Process Virtual Memory: 91.29 MB used, 91.29 MB peak
[2019.02.13-19.10.14:851][  0]LogMemory: Physical Memory: 7327.07 MB used,  8975.93 MB free, 16303.01 MB total
[2019.02.13-19.10.14:851][  0]LogMemory: Virtual Memory: 4647.87 MB used,  134213080.00 MB free, 134217728.00 MB total
[2019.02.13-19.10.15:150][  0]LogInit: Using OS detected language (en-US).
[2019.02.13-19.10.15:150][  0]LogInit: Using OS detected locale (en-US).
[2019.02.13-19.10.15:154][  0]LogTextLocalizationManager: No specific localization for 'en-US' exists, so the 'en' localization will be used.
[2019.02.13-19.10.15:623][  0]LogStreaming: Display: Took  0.471s to InitEngineTextLocalization.
[2019.02.13-19.10.15:623][  0]LogInit: Setting process to per monitor DPI aware
[2019.02.13-19.10.15:726][  0]LogSlate: New Slate User Created.  User Index 0, Is Virtual User: 0
[2019.02.13-19.10.15:726][  0]LogSlate: Slate User Registered.  User Index 0, Is Virtual User: 0
[2019.02.13-19.10.18:126][  0]LogHMD: Failed to initialize OpenVR with code 110
[2019.02.13-19.10.18:126][  0]LogD3D11RHI: D3D11 adapters:
[2019.02.13-19.10.18:182][  0]LogD3D11RHI:    0. 'Radeon RX Vega M GH Graphics' (Feature Level 11_0)
[2019.02.13-19.10.18:182][  0]LogD3D11RHI:       4042/0/8151 MB DedicatedVideo/DedicatedSystem/SharedSystem, Outputs:1, VendorId:0x1002
[2019.02.13-19.10.18:197][  0]LogD3D11RHI:    1. 'Intel(R) HD Graphics 630' (Feature Level 11_0)
[2019.02.13-19.10.18:197][  0]LogD3D11RHI:       128/0/8151 MB DedicatedVideo/DedicatedSystem/SharedSystem, Outputs:0, VendorId:0x8086
[2019.02.13-19.10.18:199][  0]LogD3D11RHI:    2. 'Microsoft Basic Render Driver' (Feature Level 11_0)
[2019.02.13-19.10.18:199][  0]LogD3D11RHI:       0/0/8151 MB DedicatedVideo/DedicatedSystem/SharedSystem, Outputs:0, VendorId:0x1414
[2019.02.13-19.10.18:199][  0]LogD3D11RHI: Chosen D3D11 Adapter: 0
[2019.02.13-19.10.18:211][  0]LogD3D11RHI: Creating new Direct3DDevice
[2019.02.13-19.10.18:211][  0]LogD3D11RHI:     GPU DeviceId: 0x694c (for the marketing name, search the web for "GPU Device Id")
[2019.02.13-19.10.18:211][  0]LogWindows: EnumDisplayDevices:
[2019.02.13-19.10.18:211][  0]LogWindows:    0. 'Radeon RX Vega M GH Graphics' (P:1 D:1)
[2019.02.13-19.10.18:211][  0]LogWindows:    1. 'Radeon RX Vega M GH Graphics' (P:0 D:0)
[2019.02.13-19.10.18:211][  0]LogWindows:    2. 'Radeon RX Vega M GH Graphics' (P:0 D:0)
[2019.02.13-19.10.18:211][  0]LogWindows:    3. 'Radeon RX Vega M GH Graphics' (P:0 D:0)
[2019.02.13-19.10.18:211][  0]LogWindows:    4. 'Radeon RX Vega M GH Graphics' (P:0 D:0)
[2019.02.13-19.10.18:211][  0]LogWindows:    5. 'Radeon RX Vega M GH Graphics' (P:0 D:0)
[2019.02.13-19.10.18:212][  0]LogWindows:    6. 'Radeon RX Vega M GH Graphics' (P:0 D:0)
[2019.02.13-19.10.18:212][  0]LogWindows:    7. 'Intel(R) HD Graphics 630' (P:0 D:0)
[2019.02.13-19.10.18:212][  0]LogWindows:    8. 'Intel(R) HD Graphics 630' (P:0 D:0)
[2019.02.13-19.10.18:212][  0]LogWindows: DebugString: PrimaryIsNotTheChoosenAdapter PrimaryIsNotTheChoosenAdapter FoundDriverCount:7 
[2019.02.13-19.10.18:212][  0]LogD3D11RHI:     Adapter Name: Radeon RX Vega M GH Graphics
[2019.02.13-19.10.18:212][  0]LogD3D11RHI:   Driver Version: Adrenalin 18.9.1 (internal:24.20.11026.2001, unified:24.20.11026.2001)
[2019.02.13-19.10.18:212][  0]LogD3D11RHI:      Driver Date: 8-30-2018
[2019.02.13-19.10.18:214][  0]LogRHI: Texture pool is 2829 MB (70% of 4042 MB)
[2019.02.13-19.10.18:294][  0]LogD3D11RHI: Async texture creation enabled
[2019.02.13-19.10.18:327][  0]LogD3D11RHI: GPU Timing Frequency: 25.000000 (Debug: 2 1)
[2019.02.13-19.10.18:823][  0]LogTemp: Display: Loaded TP AllDesktopTargetPlatform
[2019.02.13-19.10.18:836][  0]LogTemp: Display: Loaded TP MacClientTargetPlatform
[2019.02.13-19.10.18:848][  0]LogTemp: Display: Loaded TP MacNoEditorTargetPlatform
[2019.02.13-19.10.18:860][  0]LogTemp: Display: Loaded TP MacServerTargetPlatform
[2019.02.13-19.10.18:878][  0]LogTemp: Display: Loaded TP MacTargetPlatform
[2019.02.13-19.10.18:893][  0]LogTemp: Display: Loaded TP WindowsClientTargetPlatform
[2019.02.13-19.10.18:906][  0]LogTemp: Display: Loaded TP WindowsNoEditorTargetPlatform
[2019.02.13-19.10.18:919][  0]LogTemp: Display: Loaded TP WindowsServerTargetPlatform
[2019.02.13-19.10.18:929][  0]LogTemp: Display: Loaded TP WindowsTargetPlatform
[2019.02.13-19.10.18:997][  0]LogTemp: Display: Loaded TP AndroidTargetPlatform
[2019.02.13-19.10.18:997][  0]LogTemp: Display: Loaded TP AndroidTargetPlatform
[2019.02.13-19.10.18:997][  0]LogTemp: Display: Loaded TP AndroidTargetPlatform
[2019.02.13-19.10.18:997][  0]LogTemp: Display: Loaded TP AndroidTargetPlatform
[2019.02.13-19.10.18:997][  0]LogTemp: Display: Loaded TP AndroidTargetPlatform
[2019.02.13-19.10.18:997][  0]LogTemp: Display: Loaded TP AndroidTargetPlatform
[2019.02.13-19.10.18:997][  0]LogTemp: Display: Loaded TP AndroidTargetPlatform
[2019.02.13-19.10.18:997][  0]LogTemp: Display: Loaded TP AndroidTargetPlatform
[2019.02.13-19.10.18:997][  0]LogTemp: Display: Loaded TP AndroidTargetPlatform
[2019.02.13-19.10.18:997][  0]LogTemp: Display: Loaded TP AndroidTargetPlatform
[2019.02.13-19.10.18:997][  0]LogTemp: Display: Loaded TP AndroidTargetPlatform
[2019.02.13-19.10.18:997][  0]LogTemp: Display: Loaded TP AndroidTargetPlatform
[2019.02.13-19.10.18:997][  0]LogTemp: Display: Loaded TP AndroidTargetPlatform
[2019.02.13-19.10.18:997][  0]LogTemp: Display: Loaded TP AndroidTargetPlatform
[2019.02.13-19.10.18:997][  0]LogTemp: Display: Loaded TP AndroidTargetPlatform
[2019.02.13-19.10.18:997][  0]LogTemp: Display: Loaded TP AndroidTargetPlatform
[2019.02.13-19.10.18:997][  0]LogTemp: Display: Loaded TP AndroidTargetPlatform
[2019.02.13-19.10.18:997][  0]LogTemp: Display: Loaded TP AndroidTargetPlatform
[2019.02.13-19.10.19:001][  0]LogTemp: Display: Loaded TP HTML5TargetPlatform
[2019.02.13-19.10.19:075][  0]LogTemp: Display: Loaded TP IOSTargetPlatform
[2019.02.13-19.10.19:075][  0]LogTemp: Display: Loaded TP IOSTargetPlatform
[2019.02.13-19.10.19:095][  0]LogTemp: Display: Loaded TP TVOSTargetPlatform
[2019.02.13-19.10.19:095][  0]LogTemp: Display: Loaded TP TVOSTargetPlatform
[2019.02.13-19.10.19:107][  0]LogTemp: Display: Loaded TP LinuxClientTargetPlatform
[2019.02.13-19.10.19:119][  0]LogTemp: Display: Loaded TP LinuxNoEditorTargetPlatform
[2019.02.13-19.10.19:132][  0]LogTemp: Display: Loaded TP LinuxServerTargetPlatform
[2019.02.13-19.10.19:154][  0]LogTemp: Display: Loaded TP LinuxTargetPlatform
[2019.02.13-19.10.19:196][  0]LogTemp: Display: Loaded TP LuminTargetPlatform
[2019.02.13-19.10.19:196][  0]LogTemp: Display: Loaded TP LuminTargetPlatform
[2019.02.13-19.10.19:197][  0]LogTargetPlatformManager: Display: Building Assets For Windows
[2019.02.13-19.10.19:380][  0]LogShaderCompilers: Guid format shader working directory is -24 characters bigger than the processId version (../../../../../../Users/u0957469/Documents/GitHub/IM-Fuse/Russian Unreal/Intermediate/Shaders/WorkingDirectory/14840/).
[2019.02.13-19.10.19:380][  0]LogShaderCompilers: Cleaned the shader compiler working directory 'C:/Users/u0957469/AppData/Local/Temp/UnrealShaderWorkingDir/65CDFB5F4B8E2E8239507288A818A925/'.
[2019.02.13-19.10.19:384][  0]LogXGEController: Cleaning working directory: C:/Users/u0957469/AppData/Local/Temp/UnrealXGEWorkingDir/
[2019.02.13-19.10.19:384][  0]LogXGEController: Cannot use XGE Controller as Incredibuild is not installed on this machine.
[2019.02.13-19.10.19:384][  0]LogShaderCompilers: Cannot use XGE Shader Compiler as Incredibuild is not installed on this machine.
[2019.02.13-19.10.19:384][  0]LogShaderCompilers: Display: Using Local Shader Compiler.
[2019.02.13-19.10.21:101][  0]LogDerivedDataCache: Display: Max Cache Size: 512 MB
[2019.02.13-19.10.21:101][  0]LogDerivedDataCache: Display: Starting with empty Boot cache
[2019.02.13-19.10.21:101][  0]LogDerivedDataCache: FDerivedDataBackendGraph:  Pak pak cache file ../../../../../../Users/u0957469/Documents/GitHub/IM-Fuse/Russian Unreal/DerivedDataCache/DDC.ddp not found, will not use a pak cache.
[2019.02.13-19.10.21:101][  0]LogDerivedDataCache: Unable to find inner node Pak for hierarchical cache Hierarchy.
[2019.02.13-19.10.21:101][  0]LogDerivedDataCache: FDerivedDataBackendGraph:  CompressedPak pak cache file ../../../../../../Users/u0957469/Documents/GitHub/IM-Fuse/Russian Unreal/DerivedDataCache/Compressed.ddp not found, will not use a pak cache.
[2019.02.13-19.10.21:101][  0]LogDerivedDataCache: Unable to find inner node CompressedPak for hierarchical cache Hierarchy.
[2019.02.13-19.10.21:123][  0]LogDerivedDataCache: Display: Pak cache opened for reading ../../../Engine/DerivedDataCache/Compressed.ddp.
[2019.02.13-19.10.21:123][  0]LogDerivedDataCache: FDerivedDataBackendGraph:  EnterprisePak pak cache file ../../../Enterprise/DerivedDataCache/Compressed.ddp not found, will not use a pak cache.
[2019.02.13-19.10.21:123][  0]LogDerivedDataCache: Unable to find inner node EnterprisePak for hierarchical cache Hierarchy.
[2019.02.13-19.10.21:136][  0]LogDerivedDataCache: Using Local data cache path C:/Users/u0957469/AppData/Local/UnrealEngine/Common/DerivedDataCache: Writable
[2019.02.13-19.10.21:136][  0]LogDerivedDataCache: Shared data cache path not found in *engine.ini, will not use an Shared cache.
[2019.02.13-19.10.21:136][  0]LogDerivedDataCache: Unable to find inner node Shared for hierarchical cache Hierarchy.
[2019.02.13-19.10.21:181][  0]LogMaterial: Verifying Global Shaders for PCD3D_SM5
[2019.02.13-19.10.21:191][  0]LogSlate: Using FreeType 2.6.0
[2019.02.13-19.10.21:212][  0]LogSlate: SlateFontServices - WITH_FREETYPE: 1, WITH_HARFBUZZ: 1
[2019.02.13-19.10.21:511][  0]LogAssetRegistry: FAssetRegistry took 0.0349 seconds to start up
[2019.02.13-19.10.22:208][  0]LogInit: Selected Device Profile: [Windows]
[2019.02.13-19.10.22:620][  0]LogSimplygon: Simplygon DLL not present - disabling.
[2019.02.13-19.10.22:647][  0]LogMeshReduction: Using SimplygonSwarm for distributed automatic mesh merging
[2019.02.13-19.10.22:648][  0]LogMeshReduction: Using ProxyLODMeshReduction for automatic mesh merging
[2019.02.13-19.10.22:649][  0]LogMeshReduction: Using QuadricMeshReduction for automatic static mesh reduction
[2019.02.13-19.10.22:649][  0]LogMeshReduction: No automatic skeletal mesh reduction module available
[2019.02.13-19.10.22:729][  0]LogNetVersion: MyProject2 1.0.0, NetCL: 4541578, EngineNetVer: 5, GameNetVer: 0 (Checksum: 2078931443)
[2019.02.13-19.10.24:381][  0]LogPackageLocalizationCache: Processed 12 localized package path(s) for 2 prioritized culture(s) in 0.087297 seconds
[2019.02.13-19.10.24:386][  0]LogUObjectArray: 39796 objects as part of root set at end of initial load.
[2019.02.13-19.10.24:386][  0]LogUObjectAllocator: 6916344 out of 0 bytes used by permanent object pool.
[2019.02.13-19.10.24:386][  0]LogUObjectArray: CloseDisregardForGC: 0/0 objects in disregard for GC pool
[2019.02.13-19.10.28:077][  0]LogTcpMessaging: Initializing TcpMessaging bridge
[2019.02.13-19.10.28:095][  0]LogUdpMessaging: Initializing bridge on interface 0.0.0.0:0 to multicast group 230.0.0.1:6666.
[2019.02.13-19.10.29:119][  0]SourceControl: Source control is disabled
[2019.02.13-19.10.29:120][  0]SourceControl: Source control is disabled
[2019.02.13-19.10.29:133][  0]SourceControl: Source control is disabled
[2019.02.13-19.10.29:138][  0]SourceControl: Source control is disabled
[2019.02.13-19.10.29:512][  0]LogAndroidPermission: UAndroidPermissionCallbackProxy::GetInstance
[2019.02.13-19.10.29:641][  0]LogHoudiniEngine: Starting the Houdini Engine module.
[2019.02.13-19.10.29:656][  0]LogHoudiniEngine: Loaded libHAPIL.dll from Registry path C:/Program Files/Side Effects Software/Houdini 17.0.416/bin
[2019.02.13-19.10.29:662][  0]LogLinker: Warning: Asset '../../Plugins/Runtime/HoudiniEngine/Content/houdini_logo.uasset' has been saved with empty engine version. The asset will be loaded but may be incompatible.
[2019.02.13-19.10.29:669][  0]LogStaticMesh: Building static mesh houdini_logo...
[2019.02.13-19.10.29:691][  0]LogStaticMesh: Built static mesh [0.02s] /HoudiniEngine/houdini_logo.houdini_logo
[2019.02.13-19.10.29:723][  0]LogLinker: Warning: Asset '../../Plugins/Runtime/HoudiniEngine/Content/houdini_default_material.uasset' has been saved with empty engine version. The asset will be loaded but may be incompatible.
[2019.02.13-19.10.29:726][  0]LogMaterial: Display: Missing cached shader map for material houdini_default_material, compiling. 
[2019.02.13-19.10.29:807][  0]LogShaderCompilers: Display: Shaders left to compile 43
[2019.02.13-19.10.29:807][  0]LogShaderCompilers: Display: Shaders left to compile 33
[2019.02.13-19.10.29:807][  0]LogShaderCompilers: Display: Shaders left to compile 23
[2019.02.13-19.10.29:807][  0]LogShaderCompilers: Display: Shaders left to compile 13
[2019.02.13-19.10.29:807][  0]LogShaderCompilers: Display: Shaders left to compile 3
[2019.02.13-19.10.29:807][  0]LogLinker: Warning: Asset '../../Plugins/Runtime/HoudiniEngine/Content/houdini_bgeo_import.uasset' has been saved with empty engine version. The asset will be loaded but may be incompatible.
[2019.02.13-19.10.38:183][  0]LogHoudiniEngine: Successfully intialized the Houdini Engine API module.
[2019.02.13-19.10.38:210][  0]LogOcInput: OculusInput pre-init called
[2019.02.13-19.10.38:632][  0]LogEngine: Initializing Engine...
[2019.02.13-19.10.38:639][  0]LogHMD: Failed to initialize OpenVR with code 110
[2019.02.13-19.10.38:651][  0]LogStats: UGameplayTagsManager::ConstructGameplayTagTree: ImportINI prefixes -  0.002 s
[2019.02.13-19.10.38:651][  0]LogStats: UGameplayTagsManager::ConstructGameplayTagTree: Construct from data asset -  0.000 s
[2019.02.13-19.10.38:651][  0]LogStats: UGameplayTagsManager::ConstructGameplayTagTree: ImportINI -  0.000 s
[2019.02.13-19.10.38:652][  0]LogStats: UGameplayTagsManager::ConstructGameplayTagTree: GameplayTagTreeChangedEvent.Broadcast -  0.001 s
[2019.02.13-19.10.39:304][  0]LogInit: Initializing FReadOnlyCVARCache
[2019.02.13-19.10.39:422][  0]LogAIModule: Creating AISystem for world Untitled
[2019.02.13-19.10.39:486][  0]LogInit: XAudio2 using '5 - DELL U2414H (AMD High Definition Audio Device)' : 2 channels at 48 kHz using 16 bits per sample (channel mask 0x3)
[2019.02.13-19.10.39:544][  0]LogInit: FAudioDevice initialized.
[2019.02.13-19.10.39:545][  0]LogNetVersion: Set ProjectVersion to 1.0.0.0. Version Checksum will be recalculated on next use.
[2019.02.13-19.10.39:664][  0]LogDerivedDataCache: Saved boot cache 0.12s 87MB C:/Users/u0957469/AppData/Local/UnrealEngine/4.21/DerivedDataCache/Boot.ddc.
[2019.02.13-19.10.39:677][  0]LogInit: Texture streaming: Enabled
[2019.02.13-19.10.39:749][  0]LogEngineSessionManager: EngineSessionManager initialized
[2019.02.13-19.10.39:784][  0]LogWindowsTextInputMethodSystem: Display: IME system now deactivated.
[2019.02.13-19.10.39:849][  0]LogInit: Transaction tracking system initialized
[2019.02.13-19.10.39:946][  0]BlueprintLog: New page: Editor Load
[2019.02.13-19.10.40:250][  0]LocalizationService: Localization service is disabled
[2019.02.13-19.10.41:193][  0]LogFileCache: Scanning file cache for directory 'C:/Users/u0957469/Documents/GitHub/IM-Fuse/Russian Unreal/Content/' took 0.01s
[2019.02.13-19.10.41:193][  0]LogCook: Display: Max memory allowance for cook 16384mb min free memory 0mb
[2019.02.13-19.10.41:195][  0]LogCook: Display: Mobile HDR setting 1
[2019.02.13-19.10.41:196][  0]LogGameplayTags: Display: UGameplayTagsManager::DoneAddingNativeTags. DelegateIsBound: 0
[2019.02.13-19.10.41:197][  0]LogStats: UGameplayTagsManager::ConstructGameplayTagTree: ImportINI prefixes -  0.000 s
[2019.02.13-19.10.41:197][  0]LogStats: UGameplayTagsManager::ConstructGameplayTagTree: Construct from data asset -  0.000 s
[2019.02.13-19.10.41:197][  0]LogStats: UGameplayTagsManager::ConstructGameplayTagTree: ImportINI -  0.000 s
[2019.02.13-19.10.41:197][  0]LogStats: UGameplayTagsManager::ConstructGameplayTagTree: GameplayTagTreeChangedEvent.Broadcast -  0.000 s
[2019.02.13-19.10.41:603][  0]LogHoudiniEngineEditor: Starting the Houdini Engine Editor module.
[2019.02.13-19.10.41:615][  0]LogHoudiniEngineEditor: Houdini Engine Editor module startup complete.
[2019.02.13-19.10.41:812][  0]SourceControl: Source control is disabled
[2019.02.13-19.10.41:814][  0]Cmd: MAP LOAD FILE="../../../Engine/Content/Maps/Templates/Template_Default.umap" TEMPLATE=1 SHOWPROGRESS=1 FEATURELEVEL=3
[2019.02.13-19.10.41:823][  0]LightingResults: New page: Lighting Build
[2019.02.13-19.10.41:858][  0]MapCheck: New page: Map Check
[2019.02.13-19.10.41:858][  0]LightingResults: New page: Lighting Build
[2019.02.13-19.10.42:306][  0]LogAIModule: Creating AISystem for world Untitled_1
[2019.02.13-19.10.42:396][  0]LogEditorServer: Finished looking for orphan Actors (0.000 secs)
[2019.02.13-19.10.42:444][  0]Cmd: MAP CHECKDEP NOCLEARLOG
[2019.02.13-19.10.42:445][  0]MapCheck: Map check complete: 0 Error(s), 0 Warning(s), took 0.133ms to complete.
[2019.02.13-19.10.42:445][  0]LogFileHelpers: Loading map 'Template_Default' took 0.632
[2019.02.13-19.10.42:822][  0]LogSlate: Updating window title bar state: overlay mode, drag disabled, window buttons hidden, title bar hidden
[2019.02.13-19.10.42:833][  0]LogSlate: Updating window title bar state: overlay mode, drag disabled, window buttons hidden, title bar hidden
[2019.02.13-19.10.42:839][  0]LogSlate: Updating window title bar state: overlay mode, drag disabled, window buttons hidden, title bar hidden
[2019.02.13-19.10.42:845][  0]LogSlate: Updating window title bar state: overlay mode, drag disabled, window buttons hidden, title bar hidden
[2019.02.13-19.10.42:883][  0]LogCollectionManager: Loaded 0 collections in 0.002229 seconds
[2019.02.13-19.10.43:048][  0]LogFileCache: Scanning file cache for directory 'C:/Users/u0957469/Documents/GitHub/IM-Fuse/Russian Unreal/Saved/Collections/' took 0.01s
[2019.02.13-19.10.43:048][  0]LogFileCache: Scanning file cache for directory 'C:/Users/u0957469/Documents/GitHub/IM-Fuse/Russian Unreal/Content/Developers/u0957469/Collections/' took 0.01s
[2019.02.13-19.10.43:048][  0]LogFileCache: Scanning file cache for directory 'C:/Users/u0957469/Documents/GitHub/IM-Fuse/Russian Unreal/Content/Collections/' took 0.01s
[2019.02.13-19.10.43:048][  0]LogCollectionManager: Rebuilt the GUID cache for 0 collections in 0.000000 seconds
[2019.02.13-19.10.43:097][  0]LogContentBrowser: Native class hierarchy populated in 0.0159 seconds. Added 2689 classes and 627 folders.
[2019.02.13-19.10.43:165][  0]LogContentBrowser: Native class hierarchy updated for 'WidgetCarousel' in 0.0003 seconds. Added 0 classes and 0 folders.
[2019.02.13-19.10.43:196][  0]LogPakFile: Registered encryption key '00000000000000000000000000000000': 0 pak files mounted, 0 remain pending
[2019.02.13-19.10.43:228][  0]LogPakFile: Registered encryption key '00000000000000000000000000000000': 0 pak files mounted, 0 remain pending
[2019.02.13-19.10.43:257][  0]LogPakFile: Registered encryption key '00000000000000000000000000000000': 0 pak files mounted, 0 remain pending
[2019.02.13-19.10.43:266][  0]LogPakFile: Registered encryption key '00000000000000000000000000000000': 0 pak files mounted, 0 remain pending
[2019.02.13-19.10.43:275][  0]LogPakFile: Registered encryption key '00000000000000000000000000000000': 0 pak files mounted, 0 remain pending
[2019.02.13-19.10.43:283][  0]LogPakFile: Registered encryption key '00000000000000000000000000000000': 0 pak files mounted, 0 remain pending
[2019.02.13-19.10.43:291][  0]LogPakFile: Registered encryption key '00000000000000000000000000000000': 0 pak files mounted, 0 remain pending
[2019.02.13-19.10.43:297][  0]LogPakFile: Registered encryption key '00000000000000000000000000000000': 0 pak files mounted, 0 remain pending
[2019.02.13-19.10.43:306][  0]LogPakFile: Registered encryption key '00000000000000000000000000000000': 0 pak files mounted, 0 remain pending
[2019.02.13-19.10.43:317][  0]LogPakFile: Registered encryption key '00000000000000000000000000000000': 0 pak files mounted, 0 remain pending
[2019.02.13-19.10.43:325][  0]LogPakFile: Registered encryption key '00000000000000000000000000000000': 0 pak files mounted, 0 remain pending
[2019.02.13-19.10.43:332][  0]LogPakFile: Registered encryption key '00000000000000000000000000000000': 0 pak files mounted, 0 remain pending
[2019.02.13-19.10.43:341][  0]LogPakFile: Registered encryption key '00000000000000000000000000000000': 0 pak files mounted, 0 remain pending
[2019.02.13-19.10.43:348][  0]LogPakFile: Registered encryption key '00000000000000000000000000000000': 0 pak files mounted, 0 remain pending
[2019.02.13-19.10.43:355][  0]LogPakFile: Registered encryption key '00000000000000000000000000000000': 0 pak files mounted, 0 remain pending
[2019.02.13-19.10.43:362][  0]LogPakFile: Registered encryption key '00000000000000000000000000000000': 0 pak files mounted, 0 remain pending
[2019.02.13-19.10.43:398][  0]LogPakFile: Registered encryption key '00000000000000000000000000000000': 0 pak files mounted, 0 remain pending
[2019.02.13-19.10.43:408][  0]LogPakFile: Registered encryption key '00000000000000000000000000000000': 0 pak files mounted, 0 remain pending
[2019.02.13-19.10.43:415][  0]LogPakFile: Registered encryption key '00000000000000000000000000000000': 0 pak files mounted, 0 remain pending
[2019.02.13-19.10.43:422][  0]LogPakFile: Registered encryption key '00000000000000000000000000000000': 0 pak files mounted, 0 remain pending
[2019.02.13-19.10.43:482][  0]LogPakFile: Registered encryption key '00000000000000000000000000000000': 0 pak files mounted, 0 remain pending
[2019.02.13-19.10.43:492][  0]LogPakFile: Registered encryption key '00000000000000000000000000000000': 0 pak files mounted, 0 remain pending
[2019.02.13-19.10.43:499][  0]LogPakFile: Registered encryption key '00000000000000000000000000000000': 0 pak files mounted, 0 remain pending
[2019.02.13-19.10.43:506][  0]LogPakFile: Registered encryption key '00000000000000000000000000000000': 0 pak files mounted, 0 remain pending
[2019.02.13-19.10.43:514][  0]LogPakFile: Registered encryption key '00000000000000000000000000000000': 0 pak files mounted, 0 remain pending
[2019.02.13-19.10.43:519][  0]LogPakFile: Registered encryption key '00000000000000000000000000000000': 0 pak files mounted, 0 remain pending
[2019.02.13-19.10.43:717][  0]LogContentBrowser: Native class hierarchy updated for 'AddContentDialog' in 0.0003 seconds. Added 0 classes and 0 folders.
[2019.02.13-19.10.43:736][  0]LogContentBrowser: Native class hierarchy updated for 'SceneOutliner' in 0.0003 seconds. Added 1 classes and 2 folders.
[2019.02.13-19.10.43:856][  0]LogSlate: Took 0.006123 seconds to synchronously load lazily loaded font '../../../Engine/Content/Slate/Fonts/Roboto-Regular.ttf' (155K)
[2019.02.13-19.10.43:868][  0]LogSlate: Took 0.005659 seconds to synchronously load lazily loaded font '../../../Engine/Content/Slate/Fonts/Roboto-Bold.ttf' (160K)
[2019.02.13-19.10.43:888][  0]LogSlate: Took 0.008030 seconds to synchronously load lazily loaded font '../../../Engine/Content/Editor/Slate/Fonts/FontAwesome.ttf' (139K)
[2019.02.13-19.10.44:117][  0]LogRenderer: Reallocating scene render targets to support 1208x576 Format 10 NumSamples 1 (Frame:1).
[2019.02.13-19.10.44:559][  0]LogSlate: FSceneViewport::OnFocusLost() reason 2
[2019.02.13-19.10.44:609][  0]LogSlate: Window 'Tutorials' being destroyed
[2019.02.13-19.10.44:659][  0]LogContentBrowser: Native class hierarchy updated for 'HierarchicalLODOutliner' in 0.0002 seconds. Added 0 classes and 0 folders.
[2019.02.13-19.10.44:659][  0]LogLoad: (Engine Initialization) Total time: 35.13 seconds
[2019.02.13-19.10.44:659][  0]LogLoad: (Engine Initialization) Total Blueprint compile time: 0.00 seconds
[2019.02.13-19.10.44:751][  0]LogContentStreaming: Texture pool size now 1000 MB
[2019.02.13-19.10.44:768][  0]LogSlate: Took 0.006711 seconds to synchronously load lazily loaded font '../../../Engine/Content/Slate/Fonts/Roboto-Light.ttf' (167K)
[2019.02.13-19.10.44:794][  0]LogSlate: Took 0.000105 seconds to synchronously load lazily loaded font '../../../Engine/Content/Slate/Fonts/Roboto-Light.ttf' (167K)
[2019.02.13-19.10.44:855][  1]LogAssetRegistry: Asset discovery search completed in 23.3659 seconds
[2019.02.13-19.10.44:860][  1]LogCollectionManager: Rebuilt the object cache for 0 collections in 0.000001 seconds (found 0 objects)
[2019.02.13-19.10.44:860][  1]LogCollectionManager: Fixed up redirectors for 0 collections in 0.000623 seconds (updated 0 objects)
[2019.02.13-19.11.01:633][737]LogEditorViewport: Clicking on Actor (LMB): BP_Sky_Sphere_C (Sky Sphere)
[2019.02.13-19.11.04:617][ 41]LogEditorViewport: Clicking on Actor (LMB): StaticMeshActor (Floor)
[2019.02.13-19.11.05:501][116]Cmd: DELETE
[2019.02.13-19.11.05:501][116]Cmd: ACTOR DELETE
[2019.02.13-19.11.05:532][116]LogEditorActor: Deleted Actor: StaticMeshActor
[2019.02.13-19.11.05:560][116]LogEditorActor: Deleted 1 Actors (0.045 secs)
[2019.02.13-19.11.09:079][529]LogSlate: FSceneViewport::OnFocusLost() reason 0
[2019.02.13-19.11.10:988][610]LogTexture: Display: Building textures: Russian_Top_Gloss (AutoDXT, 512X512)
[2019.02.13-19.11.10:988][610]LogTexture: Display: Building textures: Russian_Top_Diffuse (AutoDXT, 512X512)
[2019.02.13-19.11.10:988][610]LogTexture: Display: Building textures: Russian_Body_Gloss (AutoDXT, 1024X1024)
[2019.02.13-19.11.10:988][610]LogTexture: Display: Building textures: Russian_Body_Diffuse (AutoDXT, 1024X1024)
[2019.02.13-19.11.10:988][610]LogTexture: Display: Building textures: Russian_Bottom_Diffuse (AutoDXT, 512X512)
[2019.02.13-19.11.10:988][610]LogTexture: Display: Building textures: Russian_Bottom_Gloss (AutoDXT, 512X512)
[2019.02.13-19.11.10:988][610]LogTexture: Display: Building textures: Russian_Body_Specular (AutoDXT, 1024X1024)
[2019.02.13-19.11.10:988][610]LogTexture: Display: Building textures: Russian_Body_Normal (BC5, 1024X1024)
[2019.02.13-19.11.10:988][610]LogTexture: Display: Building textures: Russian_Body_Opacity (AutoDXT, 1024X1024)
[2019.02.13-19.11.10:988][610]LogTexture: Display: Building textures: Russian_Bottom_Specular (AutoDXT, 512X512)
[2019.02.13-19.11.10:988][610]LogTexture: Display: Building textures: Russian_Bottom_Opacity (AutoDXT, 512X512)
[2019.02.13-19.11.10:988][610]LogTexture: Display: Building textures: Russian_Bottom_Normal (BC5, 512X512)
[2019.02.13-19.11.10:988][610]LogTexture: Display: Building textures: Russian_Top_Specular (AutoDXT, 512X512)
[2019.02.13-19.11.10:988][610]LogTexture: Display: Building textures: Russian_Top_Opacity (AutoDXT, 512X512)
[2019.02.13-19.11.10:988][610]LogTexture: Display: Building textures: Russian_Top_Normal (BC5, 512X512)
[2019.02.13-19.11.10:988][610]LogTexture: Display: Building textures: Russian_Hair_Specular (AutoDXT, 512X512)
[2019.02.13-19.11.10:988][610]LogTexture: Display: Building textures: Russian_Hair_Opacity (AutoDXT, 512X512)
[2019.02.13-19.11.10:988][610]LogTexture: Display: Building textures: Russian_Hair_Normal (BC5, 512X512)
[2019.02.13-19.11.10:988][610]LogTexture: Display: Building textures: Russian_Hair_Gloss (AutoDXT, 512X512)
[2019.02.13-19.11.10:988][610]LogTexture: Display: Building textures: Russian_Hair_Diffuse (AutoDXT, 512X512)
[2019.02.13-19.11.10:988][610]LogMaterial: Display: Missing cached shader map for material Bottommat, compiling. 
[2019.02.13-19.11.11:020][610]LogMaterial: Display: Missing cached shader map for material Hairmat, compiling. 
[2019.02.13-19.11.11:140][610]LogShaderCompilers: Display: Shaders left to compile 60
[2019.02.13-19.11.11:140][610]LogShaderCompilers: Display: Shaders left to compile 50
[2019.02.13-19.11.11:140][610]LogShaderCompilers: Display: Shaders left to compile 40
[2019.02.13-19.11.11:140][610]LogShaderCompilers: Display: Shaders left to compile 30
[2019.02.13-19.11.11:140][610]LogMaterial: Display: Missing cached shader map for material EyeLashes, compiling. 
[2019.02.13-19.11.11:201][610]LogMaterial: Display: Missing cached shader map for material Topmat, compiling. 
[2019.02.13-19.11.11:248][610]LogSkeletalMesh: Building Skeletal Mesh EyeLashesFixed_Russian...
[2019.02.13-19.11.11:338][610]LogSkeletalMesh: Built Skeletal Mesh [0.09s] /Game/EyeLashesFixed_Russian.EyeLashesFixed_Russian
[2019.02.13-19.11.11:345][610]LogMaterial: Display: Missing cached shader map for material Bodymat, compiling. 
[2019.02.13-19.11.11:634][611]LogLinker: Warning: Can't find file '/Game/Russian/EyeLashesFixed_Russian'
[2019.02.13-19.11.11:634][611]LogLinker: Warning: Can't find file '/Game/Russian/EyeLashesFixed_Russian'
[2019.02.13-19.11.11:634][611]LogUObjectGlobals: Warning: Failed to find object 'Object /Game/Russian/EyeLashesFixed_Russian.EyeLashesFixed_Russian'
[2019.02.13-19.11.13:825][731]LogShaderCompilers: Display: Shaders left to compile 320
[2019.02.13-19.11.13:866][734]LogShaderCompilers: Display: Shaders left to compile 310
[2019.02.13-19.11.14:563][777]LogSlate: FSceneViewport::OnFocusLost() reason 0
[2019.02.13-19.11.15:313][830]LogShaderCompilers: Display: Shaders left to compile 300
[2019.02.13-19.11.16:206][878]LogShaderCompilers: Display: Shaders left to compile 290
[2019.02.13-19.11.16:353][889]LogShaderCompilers: Display: Shaders left to compile 280
[2019.02.13-19.11.17:320][961]LogShaderCompilers: Display: Shaders left to compile 270
[2019.02.13-19.11.19:656][ 99]LogShaderCompilers: Display: Shaders left to compile 260
[2019.02.13-19.11.20:796][165]LogShaderCompilers: Display: Shaders left to compile 250
[2019.02.13-19.11.21:506][208]LogShaderCompilers: Display: Shaders left to compile 240
[2019.02.13-19.11.22:242][252]LogShaderCompilers: Display: Shaders left to compile 230
[2019.02.13-19.11.24:677][374]LogShaderCompilers: Display: Shaders left to compile 220
[2019.02.13-19.11.26:086][449]LogShaderCompilers: Display: Shaders left to compile 210
[2019.02.13-19.11.26:187][455]LogShaderCompilers: Display: Shaders left to compile 200
[2019.02.13-19.11.27:880][556]LogShaderCompilers: Display: Shaders left to compile 190
[2019.02.13-19.11.29:211][640]LogShaderCompilers: Display: Shaders left to compile 180
[2019.02.13-19.11.29:927][692]LogShaderCompilers: Display: Shaders left to compile 170
[2019.02.13-19.11.30:994][762]LogShaderCompilers: Display: Shaders left to compile 160
[2019.02.13-19.11.32:333][855]LogShaderCompilers: Display: Shaders left to compile 150
[2019.02.13-19.11.32:895][894]LogShaderCompilers: Display: Shaders left to compile 140
[2019.02.13-19.11.33:298][921]Cmd: CAMERA ALIGN ACTIVEVIEWPORTONLY
[2019.02.13-19.11.34:550][  7]LogShaderCompilers: Display: Shaders left to compile 130
[2019.02.13-19.11.35:668][ 79]LogShaderCompilers: Display: Shaders left to compile 120
[2019.02.13-19.11.35:979][103]LogShaderCompilers: Display: Shaders left to compile 110
[2019.02.13-19.11.37:754][225]LogShaderCompilers: Display: Shaders left to compile 100
[2019.02.13-19.11.37:784][227]LogSlate: FSceneViewport::OnFocusLost() reason 0
[2019.02.13-19.11.37:904][234]LogShaderCompilers: Display: Shaders left to compile 90
[2019.02.13-19.11.39:163][324]LogShaderCompilers: Display: Shaders left to compile 80
[2019.02.13-19.11.39:893][376]LogShaderCompilers: Display: Shaders left to compile 70
[2019.02.13-19.11.40:096][392]LogShaderCompilers: Display: Shaders left to compile 60
[2019.02.13-19.11.41:316][478]LogShaderCompilers: Display: Shaders left to compile 50
[2019.02.13-19.11.41:433][487]LogShaderCompilers: Display: Shaders left to compile 40
[2019.02.13-19.11.42:231][543]LogShaderCompilers: Display: Shaders left to compile 30
[2019.02.13-19.11.43:190][612]LogShaderCompilers: Display: Shaders left to compile 20
[2019.02.13-19.11.43:854][656]LogShaderCompilers: Display: Shaders left to compile 10
[2019.02.13-19.12.24:509][216]LogSlate: FSceneViewport::OnFocusLost() reason 0
